Udacity/ud839_Miwok-Starter-code/app/build/intermediates/manifest_merge_blame_file/debug/manifest-merger-blame-debug-report.txt
1<?xml version="1.0" encoding="utf-8"?>
2<manifest xmlns:android="http://schemas.android.com/apk/res/android"
3    package="com.example.android.miwok"
4    android:versionCode="1"
5    android:versionName="1.0" >
6
7    <uses-sdk
8        android:minSdkVersion="15"
8-->src/main/AndroidManifest.xml
9        android:targetSdkVersion="23" />
9-->src/main/AndroidManifest.xml
10
11    <application
11-->src/main/AndroidManifest.xml:5:5-23:19
12        android:allowBackup="true"
12-->src/main/AndroidManifest.xml:6:9-35
13        android:debuggable="true"
14        android:icon="@mipmap/ic_launcher"
14-->src/main/AndroidManifest.xml:7:9-43
15        android:label="@string/app_name"
15-->src/main/AndroidManifest.xml:8:9-41
16        android:supportsRtl="true"
16-->src/main/AndroidManifest.xml:9:9-35
17        android:testOnly="true"
18        android:theme="@style/AppTheme" >
18-->src/main/AndroidManifest.xml:10:9-40
19        <activity
19-->src/main/AndroidManifest.xml:11:9-12:67
20            android:name="com.example.android.miwok.PhrasesActivity"
20-->src/main/AndroidManifest.xml:11:19-50
21            android:label="@string/category_phrases_label"
21-->src/main/AndroidManifest.xml:11:51-97
22            android:parentActivityName="com.example.android.miwok.MainActivity" />
22-->src/main/AndroidManifest.xml:12:13-55
23        <activity
23-->src/main/AndroidManifest.xml:13:9-140
24            android:name="com.example.android.miwok.ColorsActivity"
24-->src/main/AndroidManifest.xml:13:19-49
25            android:label="@string/category_colors_label"
25-->src/main/AndroidManifest.xml:13:50-95
26            android:parentActivityName="com.example.android.miwok.MainActivity" />
26-->src/main/AndroidManifest.xml:13:96-138
27        <activity
27-->src/main/AndroidManifest.xml:14:9-154
28            android:name="com.example.android.miwok.FamilyMembersActivity"
28-->src/main/AndroidManifest.xml:14:19-56
29            android:label="@string/category_familyMembers_label"
29-->src/main/AndroidManifest.xml:14:57-109
30            android:parentActivityName="com.example.android.miwok.MainActivity" />
30-->src/main/AndroidManifest.xml:14:110-152
31        <activity
31-->src/main/AndroidManifest.xml:15:9-142
32            android:name="com.example.android.miwok.NumbersActivity"
32-->src/main/AndroidManifest.xml:15:19-50
33            android:label="@string/category_numbers_label"
33-->src/main/AndroidManifest.xml:15:51-97
34            android:parentActivityName="com.example.android.miwok.MainActivity" />
34-->src/main/AndroidManifest.xml:15:98-140
35        <activity android:name="com.example.android.miwok.MainActivity" >
35-->src/main/AndroidManifest.xml:16:9-22:20
35-->src/main/AndroidManifest.xml:16:19-47
36            <intent-filter>
36-->src/main/AndroidManifest.xml:17:13-21:29
37                <action android:name="android.intent.action.MAIN" />
37-->src/main/AndroidManifest.xml:18:17-69
37-->src/main/AndroidManifest.xml:18:25-66
38
39                <category android:name="android.intent.category.LAUNCHER" />
39-->src/main/AndroidManifest.xml:20:17-77
39-->src/main/AndroidManifest.xml:20:27-74
40            </intent-filter>
41        </activity>
42    </application>
43
44</manifest>